0 info it worked if it ends with ok
1 verbose cli [ '/Users/bravomartin/.nvm/versions/node/v5.10.1/bin/node',
1 verbose cli   '/Users/bravomartin/.nvm/versions/node/v5.10.1/bin/npm',
1 verbose cli   'run',
1 verbose cli   'start' ]
2 info using npm@3.8.3
3 info using node@v5.10.1
4 verbose run-script [ 'prestart', 'start', 'poststart' ]
5 info lifecycle oriole-frontend@0.1.0~prestart: oriole-frontend@0.1.0
6 silly lifecycle oriole-frontend@0.1.0~prestart: no script for prestart, continuing
7 info lifecycle oriole-frontend@0.1.0~start: oriole-frontend@0.1.0
8 verbose lifecycle oriole-frontend@0.1.0~start: unsafe-perm in lifecycle true
9 verbose lifecycle oriole-frontend@0.1.0~start: PATH: /Users/bravomartin/.nvm/versions/node/v5.10.1/lib/node_modules/npm/bin/node-gyp-bin:/Users/bravomartin/launchbot/project-whitewater-oriole/node_modules/.bin:/Users/bravomartin/.nvm/versions/node/v5.10.1/bin:/usr/local/heroku/bin:/Users/bravomartin/.nvm/versions/node/v5.10.1/bin:/usr/local/var/rbenv/shims:/Users/bravomartin/.rvm/gems/ruby-2.2.2/bin:/Users/bravomartin/.rvm/gems/ruby-2.2.2@global/bin:/Users/bravomartin/.rvm/rubies/ruby-2.2.2/bin:/Users/bravomartin/.dotfiles:/usr/local/bin:/usr/local/bin:/usr/bin:/bin:/usr/sbin:/sbin:/opt/X11/bin:/usr/local/go/bin:~/bin:/Users/bravomartin/WORK/gocode/bin:/Users/bravomartin/.rvm/bin:/Users/bravomartin/.rvm/bin:/Applications/Postgres.app/Contents/Versions/9.4/bin:node_modules/.bin
10 verbose lifecycle oriole-frontend@0.1.0~start: CWD: /Users/bravomartin/launchbot/project-whitewater-oriole
11 silly lifecycle oriole-frontend@0.1.0~start: Args: [ '-c', 'cd frontend; node index.js' ]
12 silly lifecycle oriole-frontend@0.1.0~start: Returned: code: 1  signal: null
13 info lifecycle oriole-frontend@0.1.0~start: Failed to exec start script
14 verbose stack Error: oriole-frontend@0.1.0 start: `cd frontend; node index.js`
14 verbose stack Exit status 1
14 verbose stack     at EventEmitter.<anonymous> (/Users/bravomartin/.nvm/versions/node/v5.10.1/lib/node_modules/npm/lib/utils/lifecycle.js:239:16)
14 verbose stack     at emitTwo (events.js:100:13)
14 verbose stack     at EventEmitter.emit (events.js:185:7)
14 verbose stack     at ChildProcess.<anonymous> (/Users/bravomartin/.nvm/versions/node/v5.10.1/lib/node_modules/npm/lib/utils/spawn.js:24:14)
14 verbose stack     at emitTwo (events.js:100:13)
14 verbose stack     at ChildProcess.emit (events.js:185:7)
14 verbose stack     at maybeClose (internal/child_process.js:850:16)
14 verbose stack     at Process.ChildProcess._handle.onexit (internal/child_process.js:215:5)
15 verbose pkgid oriole-frontend@0.1.0
16 verbose cwd /Users/bravomartin/launchbot/project-whitewater-oriole
17 error Darwin 16.0.0
18 error argv "/Users/bravomartin/.nvm/versions/node/v5.10.1/bin/node" "/Users/bravomartin/.nvm/versions/node/v5.10.1/bin/npm" "run" "start"
19 error node v5.10.1
20 error npm  v3.8.3
21 error code ELIFECYCLE
22 error oriole-frontend@0.1.0 start: `cd frontend; node index.js`
22 error Exit status 1
23 error Failed at the oriole-frontend@0.1.0 start script 'cd frontend; node index.js'.
23 error Make sure you have the latest version of node.js and npm installed.
23 error If you do, this is most likely a problem with the oriole-frontend package,
23 error not with npm itself.
23 error Tell the author that this fails on your system:
23 error     cd frontend; node index.js
23 error You can get information on how to open an issue for this project with:
23 error     npm bugs oriole-frontend
23 error Or if that isn't available, you can get their info via:
23 error     npm owner ls oriole-frontend
23 error There is likely additional logging output above.
24 verbose exit [ 1, true ]
